[2024-01-09T15:49:50+0000] [PACMAN] Running 'pacman -r /tmp/junest.LT9XTTy2JK/root -Sy --config=/etc/pacman.conf --cachedir=/tmp/junest.LT9XTTy2JK/root/var/cache/pacman/pkg --noconfirm pacman coreutils bubblewrap'
[2024-01-09T15:49:50+0000] [PACMAN] synchronizing package lists
[2024-01-09T15:49:55+0000] [ALPM] transaction started
[2024-01-09T15:49:55+0000] [ALPM] installed linux-api-headers (6.4-1)
[2024-01-09T15:49:55+0000] [ALPM] installed tzdata (2023d-1)
[2024-01-09T15:49:55+0000] [ALPM] installed iana-etc (20231117-1)
[2024-01-09T15:49:55+0000] [ALPM] installed filesystem (2023.09.18-1)
[2024-01-09T15:49:55+0000] [ALPM] installed glibc (2.38-7)
[2024-01-09T15:49:56+0000] [ALPM] installed gcc-libs (13.2.1-3)
[2024-01-09T15:49:56+0000] [ALPM] installed ncurses (6.4_20230520-1)
[2024-01-09T15:49:56+0000] [ALPM] installed readline (8.2.007-1)
[2024-01-09T15:49:56+0000] [ALPM] installed bash (5.2.021-1)
[2024-01-09T15:49:56+0000] [ALPM] installed acl (2.3.1-3)
[2024-01-09T15:49:56+0000] [ALPM] installed bzip2 (1.0.8-5)
[2024-01-09T15:49:56+0000] [ALPM] installed expat (2.5.0-1)
[2024-01-09T15:49:56+0000] [ALPM] installed lz4 (1:1.9.4-2)
[2024-01-09T15:49:56+0000] [ALPM] installed openssl (3.2.0-1)
[2024-01-09T15:49:56+0000] [ALPM] installed xz (5.4.5-1)
[2024-01-09T15:49:56+0000] [ALPM] installed zlib (1:1.3-2)
[2024-01-09T15:49:56+0000] [ALPM] installed zstd (1.5.5-1)
[2024-01-09T15:49:56+0000] [ALPM] installed libarchive (3.7.2-1)
[2024-01-09T15:49:56+0000] [ALPM] installed attr (2.5.1-3)
[2024-01-09T15:49:56+0000] [ALPM] installed gmp (6.3.0-1)
[2024-01-09T15:49:56+0000] [ALPM] installed util-linux-libs (2.39.3-1)
[2024-01-09T15:49:56+0000] [ALPM] installed e2fsprogs (1.47.0-1)
[2024-01-09T15:49:56+0000] [ALPM] installed gdbm (1.23-2)
[2024-01-09T15:49:56+0000] [ALPM] installed libsasl (2.1.28-4)
[2024-01-09T15:49:56+0000] [ALPM] installed libldap (2.6.6-2)
[2024-01-09T15:49:56+0000] [ALPM] installed keyutils (1.6.3-2)
[2024-01-09T15:49:56+0000] [ALPM] installed libevent (2.1.12-4)
[2024-01-09T15:49:56+0000] [ALPM] installed libverto (0.3.2-4)
[2024-01-09T15:49:56+0000] [ALPM] installed krb5 (1.21.2-2)
[2024-01-09T15:49:56+0000] [ALPM] installed libtirpc (1.3.4-1)
[2024-01-09T15:49:56+0000] [ALPM] installed pambase (20230918-1)
[2024-01-09T15:49:56+0000] [ALPM] installed libcap-ng (0.8.4-1)
[2024-01-09T15:49:56+0000] [ALPM] installed audit (3.1.2-1)
[2024-01-09T15:49:56+0000] [ALPM] installed libxcrypt (4.4.36-1)
[2024-01-09T15:49:56+0000] [ALPM] installed pam (1.5.3-3)
[2024-01-09T15:49:56+0000] [ALPM] installed libcap (2.69-3)
[2024-01-09T15:49:56+0000] [ALPM] installed coreutils (9.4-2)
[2024-01-09T15:49:56+0000] [ALPM] installed findutils (4.9.0-3)
[2024-01-09T15:49:56+0000] [ALPM] installed libffi (3.4.4-1)
[2024-01-09T15:49:56+0000] [ALPM] installed libtasn1 (4.19.0-1)
[2024-01-09T15:49:56+0000] [ALPM] installed libp11-kit (0.25.3-1)
[2024-01-09T15:49:56+0000] [ALPM] installed libgpg-error (1.47-1)
[2024-01-09T15:49:56+0000] [ALPM] installed libgcrypt (1.10.3-1)
[2024-01-09T15:49:56+0000] [ALPM] installed systemd-libs (255.2-1)
[2024-01-09T15:49:56+0000] [ALPM] installed p11-kit (0.25.3-1)
[2024-01-09T15:49:56+0000] [ALPM] installed ca-certificates-utils (20220905-1)
[2024-01-09T15:49:56+0000] [ALPM] installed ca-certificates-mozilla (3.96.1-1)
[2024-01-09T15:49:56+0000] [ALPM] installed ca-certificates (20220905-1)
[2024-01-09T15:49:56+0000] [ALPM] installed brotli (1.1.0-1)
[2024-01-09T15:49:56+0000] [ALPM] installed libunistring (1.1-2)
[2024-01-09T15:49:56+0000] [ALPM] installed libidn2 (2.3.4-3)
[2024-01-09T15:49:56+0000] [ALPM] installed libnghttp2 (1.58.0-1)
[2024-01-09T15:49:56+0000] [ALPM] installed libpsl (0.21.2-1)
[2024-01-09T15:49:56+0000] [ALPM] installed libssh2 (1.11.0-1)
[2024-01-09T15:49:56+0000] [ALPM] installed curl (8.5.0-1)
[2024-01-09T15:49:56+0000] [ALPM] installed nettle (3.9.1-1)
[2024-01-09T15:49:56+0000] [ALPM] installed gnutls (3.8.2-1)
[2024-01-09T15:49:56+0000] [ALPM] installed libksba (1.6.5-1)
[2024-01-09T15:49:56+0000] [ALPM] installed libassuan (2.5.6-1)
[2024-01-09T15:49:56+0000] [ALPM] installed libusb (1.0.26-2)
[2024-01-09T15:49:56+0000] [ALPM] installed npth (1.6-4)
[2024-01-09T15:49:56+0000] [ALPM] installed libsysprof-capture (45.1-1)
[2024-01-09T15:49:56+0000] [ALPM] installed pcre2 (10.42-2)
[2024-01-09T15:49:56+0000] [ALPM] installed glib2 (2.78.3-1)
[2024-01-09T15:49:56+0000] [ALPM] installed json-c (0.17-1)
[2024-01-09T15:49:56+0000] [ALPM] installed tpm2-tss (4.0.1-1)
[2024-01-09T15:49:56+0000] [ALPM] installed libsecret (0.21.2-1)
[2024-01-09T15:49:56+0000] [ALPM] installed pinentry (1.2.1-3)
[2024-01-09T15:49:56+0000] [ALPM] installed sqlite (3.44.2-2)
[2024-01-09T15:49:56+0000] [ALPM] installed gnupg (2.4.3-2)
[2024-01-09T15:49:56+0000] [ALPM] installed gpgme (1.23.2-1)
[2024-01-09T15:49:56+0000] [ALPM] installed pacman-mirrorlist (20231001-1)
[2024-01-09T15:49:57+0000] [ALPM] installed icu (74.2-1)
[2024-01-09T15:49:57+0000] [ALPM] installed libxml2 (2.12.3-1)
[2024-01-09T15:49:57+0000] [ALPM] installed gettext (0.22.4-1)
[2024-01-09T15:49:57+0000] [ALPM] installed mpfr (4.2.1-1)
[2024-01-09T15:49:57+0000] [ALPM] installed gawk (5.3.0-1)
[2024-01-09T15:49:57+0000] [ALPM] installed grep (3.11-1)
[2024-01-09T15:49:57+0000] [ALPM] installed pacman (6.0.2-8)
[2024-01-09T15:49:57+0000] [ALPM] installed bubblewrap (0.8.0-1)
[2024-01-09T15:49:57+0000] [ALPM] transaction completed
[2024-01-09T15:49:57+0000] [ALPM] running '40-update-ca-trust.hook'...
[2024-01-09T15:49:59+0000] [PACMAN] Running 'pacman --noconfirm --config /tmp/junest.LT9XTTy2JK/root/etc/pacman.conf --root /tmp/junest.LT9XTTy2JK/root -Sy sudo-fake groot-git proot-static qemu-user-static-bin-alt yay'
[2024-01-09T15:49:59+0000] [PACMAN] synchronizing package lists
[2024-01-09T15:50:02+0000] [ALPM] transaction started
[2024-01-09T15:50:02+0000] [ALPM] installed sed (4.9-3)
[2024-01-09T15:50:02+0000] [ALPM] installed shadow (4.14.2-1)
[2024-01-09T15:50:02+0000] [ALPM] installed libutempter (1.2.1-4)
[2024-01-09T15:50:02+0000] [ALPM] installed libseccomp (2.5.5-1)
[2024-01-09T15:50:02+0000] [ALPM] installed file (5.45-1)
[2024-01-09T15:50:02+0000] [ALPM] installed util-linux (2.39.3-1)
[2024-01-09T15:50:02+0000] [ALPM] installed fakeroot (1.32.2-1)
[2024-01-09T15:50:02+0000] [ALPM] installed db5.3 (5.3.28-4)
[2024-01-09T15:50:02+0000] [ALPM] installed db (6.2.32-1)
[2024-01-09T15:50:03+0000] [ALPM] installed perl (5.38.1-1)
[2024-01-09T15:50:03+0000] [ALPM] installed fakechroot (2.20.1-3)
[2024-01-09T15:50:03+0000] [ALPM] installed sudo-fake (0.1.3-1)
[2024-01-09T15:50:03+0000] [ALPM] installed groot-git (1.0.2-1)
[2024-01-09T15:50:03+0000] [ALPM] installed proot-static (5.3.0-1)
[2024-01-09T15:50:03+0000] [ALPM] installed qemu-user-static-bin-alt (5.2-5)
[2024-01-09T15:50:03+0000] [ALPM] installed perl-error (0.17029-5)
[2024-01-09T15:50:03+0000] [ALPM] installed perl-timedate (2.33-5)
[2024-01-09T15:50:03+0000] [ALPM] installed perl-mailtools (2.21-7)
[2024-01-09T15:50:03+0000] [ALPM] installed git (2.43.0-1)
[2024-01-09T15:50:03+0000] [ALPM] installed yay (11.3.1-1)
[2024-01-09T15:50:03+0000] [ALPM] transaction completed
[2024-01-09T15:50:03+0000] [ALPM] running 'detect-old-perl-modules.hook'...
[2024-01-09T15:50:03+0000] [ALPM-SCRIPTLET] Can't open /dev/null: No such file or directory
[2024-01-09T15:50:03+0000] [ALPM-SCRIPTLET] WARNING: '/usr/lib/perl5/5.38' contains data from at least 4 packages which will NOT be used by the installed perl interpreter.
[2024-01-09T15:50:03+0000] [ALPM-SCRIPTLET]  -> Run the following command to get a list of affected packages: pacman -Qqo '/usr/lib/perl5/5.38'
[2024-01-09T15:50:03+0000] [PACMAN] Running 'pacman --noconfirm --root /tmp/junest.LT9XTTy2JK/root -S sed gzip'
[2024-01-09T15:50:03+0000] [ALPM] transaction started
[2024-01-09T15:50:03+0000] [ALPM] reinstalled sed (4.9-3)
[2024-01-09T15:50:03+0000] [ALPM] installed gzip (1.13-2)
[2024-01-09T15:50:03+0000] [ALPM] transaction completed
[2024-01-09T15:50:05+0000] [PACMAN] Running 'pacman --noconfirm --root /tmp/junest.LT9XTTy2JK/root -Rsn gzip'
[2024-01-09T15:50:05+0000] [ALPM] transaction started
[2024-01-09T15:50:05+0000] [ALPM] removed gzip (1.13-2)
[2024-01-09T15:50:05+0000] [ALPM] transaction completed
[2024-01-09T15:50:05+0000] [PACMAN] Running 'pacman -S --noconfirm --root /tmp/junest.LT9XTTy2JK/root archlinux-keyring'
[2024-01-09T15:50:05+0000] [ALPM] transaction started
[2024-01-09T15:50:05+0000] [ALPM] installed archlinux-keyring (20231222-1)
[2024-01-09T15:50:05+0000] [ALPM] transaction completed
[2024-03-14T21:28:06+0000] [PACMAN] Running 'pacman -Syy'
[2024-03-14T21:28:06+0000] [PACMAN] synchronizing package lists
[2024-03-14T21:28:55+0000] [PACMAN] Running 'pacman -S -y -u --config /etc/pacman.conf --'
[2024-03-14T21:28:55+0000] [PACMAN] synchronizing package lists
[2024-03-14T21:28:57+0000] [PACMAN] starting full system upgrade
